Traceback (most recent call last):
  File "/home/asamults/Documents/MyCode/MyPython_Code/casino_bot/.venv/bin/uvicorn", line 7, in <module>
    sys.exit(main())
             ^^^^^^
  File "/home/asamults/Documents/MyCode/MyPython_Code/casino_bot/.venv/lib/python3.12/site-packages/click/core.py", line 1485, in __call__
    return self.main(*args, **kwargs)
           ^^^^^^^^^^^^^^^^^^^^^^^^^^
  File "/home/asamults/Documents/MyCode/MyPython_Code/casino_bot/.venv/lib/python3.12/site-packages/click/core.py", line 1406, in main
    rv = self.invoke(ctx)
         ^^^^^^^^^^^^^^^^
  File "/home/asamults/Documents/MyCode/MyPython_Code/casino_bot/.venv/lib/python3.12/site-packages/click/core.py", line 1269, in invoke
    return ctx.invoke(self.callback, **ctx.params)
           ^^^^^^^^^^^^^^^^^^^^^^^^^^^^^^^^^^^^^^^
  File "/home/asamults/Documents/MyCode/MyPython_Code/casino_bot/.venv/lib/python3.12/site-packages/click/core.py", line 824, in invoke
    return callback(*args, **kwargs)
           ^^^^^^^^^^^^^^^^^^^^^^^^^
  File "/home/asamults/Documents/MyCode/MyPython_Code/casino_bot/.venv/lib/python3.12/site-packages/uvicorn/main.py", line 418, in main
    run(
  File "/home/asamults/Documents/MyCode/MyPython_Code/casino_bot/.venv/lib/python3.12/site-packages/uvicorn/main.py", line 587, in run
    server.run()
  File "/home/asamults/Documents/MyCode/MyPython_Code/casino_bot/.venv/lib/python3.12/site-packages/uvicorn/server.py", line 62, in run
    return asyncio.run(self.serve(sockets=sockets))
           ^^^^^^^^^^^^^^^^^^^^^^^^^^^^^^^^^^^^^^^^
  File "/usr/lib/python3.12/asyncio/runners.py", line 194, in run
    return runner.run(main)
           ^^^^^^^^^^^^^^^^
  File "/usr/lib/python3.12/asyncio/runners.py", line 118, in run
    return self._loop.run_until_complete(task)
           ^^^^^^^^^^^^^^^^^^^^^^^^^^^^^^^^^^^
  File "uvloop/loop.pyx", line 1518, in uvloop.loop.Loop.run_until_complete
  File "/home/asamults/Documents/MyCode/MyPython_Code/casino_bot/.venv/lib/python3.12/site-packages/uvicorn/server.py", line 69, in serve
    config.load()
  File "/home/asamults/Documents/MyCode/MyPython_Code/casino_bot/.venv/lib/python3.12/site-packages/uvicorn/config.py", line 458, in load
    self.loaded_app = import_from_string(self.app)
                      ^^^^^^^^^^^^^^^^^^^^^^^^^^^^
  File "/home/asamults/Documents/MyCode/MyPython_Code/casino_bot/.venv/lib/python3.12/site-packages/uvicorn/importer.py", line 24, in import_from_string
    raise exc from None
  File "/home/asamults/Documents/MyCode/MyPython_Code/casino_bot/.venv/lib/python3.12/site-packages/uvicorn/importer.py", line 21, in import_from_string
    module = importlib.import_module(module_str)
             ^^^^^^^^^^^^^^^^^^^^^^^^^^^^^^^^^^^
  File "/usr/lib/python3.12/importlib/__init__.py", line 90, in import_module
    return _bootstrap._gcd_import(name[level:], package, level)
           ^^^^^^^^^^^^^^^^^^^^^^^^^^^^^^^^^^^^^^^^^^^^^^^^^^^^
  File "<frozen importlib._bootstrap>", line 1387, in _gcd_import
  File "<frozen importlib._bootstrap>", line 1360, in _find_and_load
  File "<frozen importlib._bootstrap>", line 1331, in _find_and_load_unlocked
  File "<frozen importlib._bootstrap>", line 935, in _load_unlocked
  File "<frozen importlib._bootstrap_external>", line 995, in exec_module
  File "<frozen importlib._bootstrap>", line 488, in _call_with_frames_removed
  File "/home/asamults/Documents/MyCode/MyPython_Code/casino_bot/src/casino_bot/main.py", line 22, in <module>
    from src.casino_bot.db.base import engine, Base
  File "/home/asamults/Documents/MyCode/MyPython_Code/casino_bot/src/casino_bot/db/__init__.py", line 2, in <module>
    from src.casino_bot.db.base import Base, SessionLocal, engine
  File "/home/asamults/Documents/MyCode/MyPython_Code/casino_bot/src/casino_bot/db/base.py", line 10, in <module>
    engine = create_engine(
             ^^^^^^^^^^^^^^
  File "<string>", line 2, in create_engine
  File "/home/asamults/Documents/MyCode/MyPython_Code/casino_bot/.venv/lib/python3.12/site-packages/sqlalchemy/util/deprecations.py", line 281, in warned
    return fn(*args, **kwargs)  # type: ignore[no-any-return]
           ^^^^^^^^^^^^^^^^^^^
  File "/home/asamults/Documents/MyCode/MyPython_Code/casino_bot/.venv/lib/python3.12/site-packages/sqlalchemy/engine/create.py", line 601, in create_engine
    dbapi = dbapi_meth(**dbapi_args)
            ^^^^^^^^^^^^^^^^^^^^^^^^
  File "/home/asamults/Documents/MyCode/MyPython_Code/casino_bot/.venv/lib/python3.12/site-packages/sqlalchemy/dialects/postgresql/psycopg.py", line 378, in import_dbapi
    import psycopg
ModuleNotFoundError: No module named 'psycopg'
ort_dbapi
    import psycopg2
ModuleNotFoundError: No module named 'psycopg2'
